# JRE version: Java(TM) SE Runtime Environment (12.0+33) (build 12+33)
# Java VM: Java HotSpot(TM) 64-Bit Server VM (12+33, mixed mode, sharing, tiered, compressed oops, g1 gc, windows-amd64)
Heap:
 garbage-first heap   total 219136K, used 127435K [0x0000000701c00000, 0x0000000800000000)
  region size 1024K, 22 young (22528K), 1 survivors (1024K)
 Metaspace       used 43541K, capacity 44562K, committed 44716K, reserved 1087488K
  class space    used 5909K, capacity 6324K, committed 6400K, reserved 1048576K
GC Heap History (10 events):
Event: 16.920 GC heap before
{Heap before GC invocations=23 (full 0):
 garbage-first heap   total 137216K, used 79521K [0x0000000701c00000, 0x0000000800000000)
  region size 1024K, 6 young (6144K), 4 survivors (4096K)
 Metaspace       used 40884K, capacity 41836K, committed 42028K, reserved 1085440K
  class space    used 5629K, capacity 6012K, committed 6016K, reserved 1048576K
}
Event: 16.923 GC heap after
{Heap after GC invocations=24 (full 0):
 garbage-first heap   total 137216K, used 79149K [0x0000000701c00000, 0x0000000800000000)
  region size 1024K, 1 young (1024K), 1 survivors (1024K)
 Metaspace       used 40884K, capacity 41836K, committed 42028K, reserved 1085440K
  class space    used 5629K, capacity 6012K, committed 6016K, reserved 1048576K
}
Event: 17.022 GC heap before
{Heap before GC invocations=25 (full 0):
 garbage-first heap   total 142336K, used 84269K [0x0000000701c00000, 0x0000000800000000)
  region size 1024K, 1 young (1024K), 1 survivors (1024K)
 Metaspace       used 40884K, capacity 41836K, committed 42028K, reserved 1085440K
  class space    used 5629K, capacity 6012K, committed 6016K, reserved 1048576K
}
Event: 17.023 GC heap after
{Heap after GC invocations=26 (full 0):
 garbage-first heap   total 142336K, used 84035K [0x0000000701c00000, 0x0000000800000000)
  region size 1024K, 1 young (1024K), 1 survivors (1024K)
 Metaspace       used 40884K, capacity 41836K, committed 42028K, reserved 1085440K
  class space    used 5629K, capacity 6012K, committed 6016K, reserved 1048576K
}
Event: 17.398 GC heap before
{Heap before GC invocations=27 (full 0):
 garbage-first heap   total 158720K, used 94275K [0x0000000701c00000, 0x0000000800000000)
  region size 1024K, 2 young (2048K), 1 survivors (1024K)
 Metaspace       used 40886K, capacity 41836K, committed 42028K, reserved 1085440K
  class space    used 5629K, capacity 6012K, committed 6016K, reserved 1048576K
}
Event: 17.400 GC heap after
{Heap after GC invocations=28 (full 0):
 garbage-first heap   total 158720K, used 94202K [0x0000000701c00000, 0x0000000800000000)
  region size 1024K, 1 young (1024K), 1 survivors (1024K)
 Metaspace       used 40886K, capacity 41836K, committed 42028K, reserved 1085440K
  class space    used 5629K, capacity 6012K, committed 6016K, reserved 1048576K
}
Event: 17.565 GC heap before
{Heap before GC invocations=29 (full 0):
 garbage-first heap   total 219136K, used 136186K [0x0000000701c00000, 0x0000000800000000)
  region size 1024K, 10 young (10240K), 1 survivors (1024K)
 Metaspace       used 40969K, capacity 41932K, committed 42156K, reserved 1085440K
  class space    used 5639K, capacity 6044K, committed 6144K, reserved 1048576K
}
Event: 17.567 GC heap after
{Heap after GC invocations=30 (full 0):
 garbage-first heap   total 219136K, used 103406K [0x0000000701c00000, 0x0000000800000000)
  region size 1024K, 1 young (1024K), 1 survivors (1024K)
 Metaspace       used 40969K, capacity 41932K, committed 42156K, reserved 1085440K
  class space    used 5639K, capacity 6044K, committed 6144K, reserved 1048576K
}
Event: 17.734 GC heap before
{Heap before GC invocations=31 (full 0):
 garbage-first heap   total 219136K, used 100334K [0x0000000701c00000, 0x0000000800000000)
  region size 1024K, 3 young (3072K), 1 survivors (1024K)
 Metaspace       used 41456K, capacity 42415K, committed 42668K, reserved 1085440K
  class space    used 5683K, capacity 6077K, committed 6144K, reserved 1048576K
}
Event: 17.735 GC heap after
{Heap after GC invocations=32 (full 0):
 garbage-first heap   total 219136K, used 99787K [0x0000000701c00000, 0x0000000800000000)
  region size 1024K, 1 young (1024K), 1 survivors (1024K)
 Metaspace       used 41456K, capacity 42415K, committed 42668K, reserved 1085440K
  class space    used 5683K, capacity 6077K, committed 6144K, reserved 1048576K
}

