# JRE version: Java(TM) SE Runtime Environment (12.0+33) (build 12+33)
# Java VM: Java HotSpot(TM) 64-Bit Server VM (12+33, mixed mode, sharing, tiered, compressed oops, g1 gc, windows-amd64)
Heap:
 garbage-first heap   total 219136K, used 128781K [0x0000000701c00000, 0x0000000800000000)
  region size 1024K, 23 young (23552K), 1 survivors (1024K)
 Metaspace       used 43481K, capacity 44474K, committed 44720K, reserved 1087488K
  class space    used 5901K, capacity 6292K, committed 6400K, reserved 1048576K
GC Heap History (10 events):
Event: 15.841 GC heap before
{Heap before GC invocations=22 (full 0):
 garbage-first heap   total 137216K, used 83360K [0x0000000701c00000, 0x0000000800000000)
  region size 1024K, 13 young (13312K), 4 survivors (4096K)
 Metaspace       used 40785K, capacity 41748K, committed 42032K, reserved 1085440K
  class space    used 5616K, capacity 5980K, committed 6016K, reserved 1048576K
}
Event: 15.845 GC heap after
{Heap after GC invocations=23 (full 0):
 garbage-first heap   total 137216K, used 78123K [0x0000000701c00000, 0x0000000800000000)
  region size 1024K, 2 young (2048K), 2 survivors (2048K)
 Metaspace       used 40785K, capacity 41748K, committed 42032K, reserved 1085440K
  class space    used 5616K, capacity 5980K, committed 6016K, reserved 1048576K
}
Event: 15.943 GC heap before
{Heap before GC invocations=24 (full 0):
 garbage-first heap   total 140288K, used 83243K [0x0000000701c00000, 0x0000000800000000)
  region size 1024K, 3 young (3072K), 2 survivors (2048K)
 Metaspace       used 40786K, capacity 41748K, committed 42032K, reserved 1085440K
  class space    used 5616K, capacity 5980K, committed 6016K, reserved 1048576K
}
Event: 15.947 GC heap after
{Heap after GC invocations=25 (full 0):
 garbage-first heap   total 140288K, used 83325K [0x0000000701c00000, 0x0000000800000000)
  region size 1024K, 1 young (1024K), 1 survivors (1024K)
 Metaspace       used 40786K, capacity 41748K, committed 42032K, reserved 1085440K
  class space    used 5616K, capacity 5980K, committed 6016K, reserved 1048576K
}
Event: 16.322 GC heap before
{Heap before GC invocations=26 (full 0):
 garbage-first heap   total 158720K, used 93565K [0x0000000701c00000, 0x0000000800000000)
  region size 1024K, 2 young (2048K), 1 survivors (1024K)
 Metaspace       used 40795K, capacity 41812K, committed 42032K, reserved 1085440K
  class space    used 5616K, capacity 5980K, committed 6016K, reserved 1048576K
}
Event: 16.325 GC heap after
{Heap after GC invocations=27 (full 0):
 garbage-first heap   total 158720K, used 93539K [0x0000000701c00000, 0x0000000800000000)
  region size 1024K, 1 young (1024K), 1 survivors (1024K)
 Metaspace       used 40795K, capacity 41812K, committed 42032K, reserved 1085440K
  class space    used 5616K, capacity 5980K, committed 6016K, reserved 1048576K
}
Event: 16.539 GC heap before
{Heap before GC invocations=28 (full 0):
 garbage-first heap   total 219136K, used 135523K [0x0000000701c00000, 0x0000000800000000)
  region size 1024K, 10 young (10240K), 1 survivors (1024K)
 Metaspace       used 40877K, capacity 41908K, committed 42032K, reserved 1085440K
  class space    used 5626K, capacity 6012K, committed 6016K, reserved 1048576K
}
Event: 16.541 GC heap after
{Heap after GC invocations=29 (full 0):
 garbage-first heap   total 219136K, used 102767K [0x0000000701c00000, 0x0000000800000000)
  region size 1024K, 1 young (1024K), 1 survivors (1024K)
 Metaspace       used 40877K, capacity 41908K, committed 42032K, reserved 1085440K
  class space    used 5626K, capacity 6012K, committed 6016K, reserved 1048576K
}
Event: 16.692 GC heap before
{Heap before GC invocations=30 (full 0):
 garbage-first heap   total 219136K, used 104815K [0x0000000701c00000, 0x0000000800000000)
  region size 1024K, 3 young (3072K), 1 survivors (1024K)
 Metaspace       used 41358K, capacity 42327K, committed 42672K, reserved 1085440K
  class space    used 5670K, capacity 6045K, committed 6144K, reserved 1048576K
}
Event: 16.695 GC heap after
{Heap after GC invocations=31 (full 0):
 garbage-first heap   total 219136K, used 104205K [0x0000000701c00000, 0x0000000800000000)
  region size 1024K, 1 young (1024K), 1 survivors (1024K)
 Metaspace       used 41358K, capacity 42327K, committed 42672K, reserved 1085440K
  class space    used 5670K, capacity 6045K, committed 6144K, reserved 1048576K
}

